<html>
<head>
<title>TestNG:  Test</title>
<link href="../testng.css" rel="stylesheet" type="text/css" />
<link href="../my-testng.css" rel="stylesheet" type="text/css" />

<style type="text/css">
.log { display: none;} 
.stack-trace { display: none;} 
</style>
<script type="text/javascript">
<!--
function flip(e) {
  current = e.style.display;
  if (current == 'block') {
    e.style.display = 'none';
    return 0;
  }
  else {
    e.style.display = 'block';
    return 1;
  }
}

function toggleBox(szDivId, elem, msg1, msg2)
{
  var res = -1;  if (document.getElementById) {
    res = flip(document.getElementById(szDivId));
  }
  else if (document.all) {
    // this is the way old msie versions work
    res = flip(document.all[szDivId]);
  }
  if(elem) {
    if(res == 0) elem.innerHTML = msg1; else elem.innerHTML = msg2;
  }

}

function toggleAllBoxes() {
  if (document.getElementsByTagName) {
    d = document.getElementsByTagName('div');
    for (i = 0; i < d.length; i++) {
      if (d[i].className == 'log') {
        flip(d[i]);
      }
    }
  }
}

// -->
</script>

</head>
<body>
<h2 align='center'>Test</h2><table border='1' align="center">
<tr>
<td>Tests passed/Failed/Skipped:</td><td>30/0/0</td>
</tr><tr>
<td>Started on:</td><td>Thu Jan 05 13:11:06 GST 2023</td>
</tr>
<tr><td>Total time:</td><td>621 seconds (621342 ms)</td>
</tr><tr>
<td>Included groups:</td><td></td>
</tr><tr>
<td>Excluded groups:</td><td></td>
</tr>
</table><p/>
<small><i>(Hover the method name to see the test class name)</i></small><p/>
<table width='100%' border='1' class='invocation-failed'>
<tr><td colspan='4' align='center'><b>FAILED CONFIGURATIONS</b></td></tr>
<tr><td><b>Test method</b></td>
<td width="30%"><b>Exception</b></td>
<td width="10%"><b>Time (seconds)</b></td>
<td><b>Instance</b></td>
</tr>
<tr>
<td title='TestcaseScripts.ProductsTest.afterTest()'><b>afterTest</b><br>Test class: TestcaseScripts.ProductsTest</td>
<td><div><pre>org.openqa.selenium.NoSuchSessionException: invalid session id
Build info: version: &apos;4.4.0&apos;, revision: &apos;e5c75ed026a&apos;
System info: host: &apos;RS&apos;, ip: &apos;192.168.0.175&apos;, os.name: &apos;Windows 10&apos;, os.arch: &apos;amd64&apos;, os.version: &apos;10.0&apos;, java.version: &apos;1.8.0_202&apos;
Driver info: org.openqa.selenium.chrome.ChromeDriver
Command: [a788c11d8dc9dbadde4cad3edff24911, close {}]
Capabilities {acceptInsecureCerts: false, browserName: chrome, browserVersion: 108.0.5359.125, chrome: {chromedriverVersion: 107.0.5304.62 (1eec40d3a576..., userDataDir: C:\Users\RS\AppData\Local\T...}, goog:chromeOptions: {debuggerAddress: localhost:55713}, networkConnectionEnabled: false, pageLoadStrategy: normal, platformName: WINDOWS, proxy: Proxy(), se:cdp: ws://localhost:55713/devtoo..., se:cdpVersion: 108.0.5359.125, setWindowRect: true, strictFileInteractability: false, timeouts: {implicit: 0, pageLoad: 300000, script: 30000}, unhandledPromptBehavior: dismiss and notify, webauthn:extension:credBlob: true, webauthn:extension:largeBlob: true, webauthn:virtualAuthenticators: true}
Session ID: a788c11d8dc9dbadde4cad3edff24911
	at org.openqa.selenium.remote.codec.w3c.W3CHttpResponseCodec.createException(W3CHttpResponseCodec.java:200)
	at org.openqa.selenium.remote.codec.w3c.W3CHttpResponseCodec.decode(W3CHttpResponseCodec.java:133)
	at org.openqa.selenium.remote.codec.w3c.W3CHttpResponseCodec.decode(W3CHttpResponseCodec.java:53)
	at org.openqa.selenium.remote.HttpCommandExecutor.execute(HttpCommandExecutor.java:184)
	at org.openqa.selenium.remote.service.DriverCommandExecutor.invokeExecute(DriverCommandExecutor.java:167)
	at org.openqa.selenium.remote.service.DriverCommandExecutor.execute(DriverCommandExecutor.java:142)
	at org.openqa.selenium.remote.RemoteWebDriver.execute(RemoteWebDriver.java:547)
	at org.openqa.selenium.remote.RemoteWebDriver.execute(RemoteWebDriver.java:602)
	at org.openqa.selenium.remote.RemoteWebDriver.execute(RemoteWebDriver.java:606)
	at org.openqa.selenium.remote.RemoteWebDriver.close(RemoteWebDriver.java:432)
	at utilities.BrowserLaunch.closeBrowser(BrowserLaunch.java:38)
	at TestcaseScripts.ProductsTest.afterTest(ProductsTest.java:189)
... Removed 28 stack frames</pre></div><a href='#' onClick='toggleBox("stack-trace1388030234", this, "Click to show all stack frames", "Click to hide stack frames")'>Click to show all stack frames</a>
<div class='stack-trace' id='stack-trace1388030234'><pre>org.openqa.selenium.NoSuchSessionException: invalid session id
Build info: version: &apos;4.4.0&apos;, revision: &apos;e5c75ed026a&apos;
System info: host: &apos;RS&apos;, ip: &apos;192.168.0.175&apos;, os.name: &apos;Windows 10&apos;, os.arch: &apos;amd64&apos;, os.version: &apos;10.0&apos;, java.version: &apos;1.8.0_202&apos;
Driver info: org.openqa.selenium.chrome.ChromeDriver
Command: [a788c11d8dc9dbadde4cad3edff24911, close {}]
Capabilities {acceptInsecureCerts: false, browserName: chrome, browserVersion: 108.0.5359.125, chrome: {chromedriverVersion: 107.0.5304.62 (1eec40d3a576..., userDataDir: C:\Users\RS\AppData\Local\T...}, goog:chromeOptions: {debuggerAddress: localhost:55713}, networkConnectionEnabled: false, pageLoadStrategy: normal, platformName: WINDOWS, proxy: Proxy(), se:cdp: ws://localhost:55713/devtoo..., se:cdpVersion: 108.0.5359.125, setWindowRect: true, strictFileInteractability: false, timeouts: {implicit: 0, pageLoad: 300000, script: 30000}, unhandledPromptBehavior: dismiss and notify, webauthn:extension:credBlob: true, webauthn:extension:largeBlob: true, webauthn:virtualAuthenticators: true}
Session ID: a788c11d8dc9dbadde4cad3edff24911
	at sun.reflect.NativeConstructorAccessorImpl.newInstance0(Native Method)
	at sun.reflect.NativeConstructorAccessorImpl.newInstance(NativeConstructorAccessorImpl.java:62)
	at sun.reflect.DelegatingConstructorAccessorImpl.newInstance(DelegatingConstructorAccessorImpl.java:45)
	at java.lang.reflect.Constructor.newInstance(Constructor.java:423)
	at org.openqa.selenium.remote.codec.w3c.W3CHttpResponseCodec.createException(W3CHttpResponseCodec.java:200)
	at org.openqa.selenium.remote.codec.w3c.W3CHttpResponseCodec.decode(W3CHttpResponseCodec.java:133)
	at org.openqa.selenium.remote.codec.w3c.W3CHttpResponseCodec.decode(W3CHttpResponseCodec.java:53)
	at org.openqa.selenium.remote.HttpCommandExecutor.execute(HttpCommandExecutor.java:184)
	at org.openqa.selenium.remote.service.DriverCommandExecutor.invokeExecute(DriverCommandExecutor.java:167)
	at org.openqa.selenium.remote.service.DriverCommandExecutor.execute(DriverCommandExecutor.java:142)
	at org.openqa.selenium.remote.RemoteWebDriver.execute(RemoteWebDriver.java:547)
	at org.openqa.selenium.remote.RemoteWebDriver.execute(RemoteWebDriver.java:602)
	at org.openqa.selenium.remote.RemoteWebDriver.execute(RemoteWebDriver.java:606)
	at org.openqa.selenium.remote.RemoteWebDriver.close(RemoteWebDriver.java:432)
	at utilities.BrowserLaunch.closeBrowser(BrowserLaunch.java:38)
	at TestcaseScripts.ProductsTest.afterTest(ProductsTest.java:189)
	at sun.reflect.NativeMethodAccessorImpl.invoke0(Native Method)
	at sun.reflect.NativeMethodAccessorImpl.invoke(NativeMethodAccessorImpl.java:62)
	at sun.reflect.DelegatingMethodAccessorImpl.invoke(DelegatingMethodAccessorImpl.java:43)
	at java.lang.reflect.Method.invoke(Method.java:498)
	at org.testng.internal.MethodInvocationHelper.invokeMethod(MethodInvocationHelper.java:133)
	at org.testng.internal.MethodInvocationHelper.invokeMethodConsideringTimeout(MethodInvocationHelper.java:62)
	at org.testng.internal.ConfigInvoker.invokeConfigurationMethod(ConfigInvoker.java:385)
	at org.testng.internal.ConfigInvoker.invokeConfigurations(ConfigInvoker.java:321)
	at org.testng.TestRunner.invokeTestConfigurations(TestRunner.java:637)
	at org.testng.TestRunner.afterRun(TestRunner.java:877)
	at org.testng.TestRunner.run(TestRunner.java:599)
	at org.testng.SuiteRunner.runTest(SuiteRunner.java:377)
	at org.testng.SuiteRunner.runSequentially(SuiteRunner.java:371)
	at org.testng.SuiteRunner.privateRun(SuiteRunner.java:332)
	at org.testng.SuiteRunner.run(SuiteRunner.java:276)
	at org.testng.SuiteRunnerWorker.runSuite(SuiteRunnerWorker.java:53)
	at org.testng.SuiteRunnerWorker.run(SuiteRunnerWorker.java:96)
	at org.testng.TestNG.runSuitesSequentially(TestNG.java:1212)
	at org.testng.TestNG.runSuitesLocally(TestNG.java:1134)
	at org.testng.TestNG.runSuites(TestNG.java:1063)
	at org.testng.TestNG.run(TestNG.java:1031)
	at org.testng.remote.AbstractRemoteTestNG.run(AbstractRemoteTestNG.java:115)
	at org.testng.remote.RemoteTestNG.initAndRun(RemoteTestNG.java:251)
	at org.testng.remote.RemoteTestNG.main(RemoteTestNG.java:77)
</pre></div></td>
<td>0</td>
<td>TestcaseScripts.ProductsTest@192d43ce</td></tr>
<tr>
<td title='TestcaseScripts.LoginTest.afterTest()'><b>afterTest</b><br>Test class: TestcaseScripts.LoginTest</td>
<td><div><pre>org.openqa.selenium.NoSuchSessionException: invalid session id
Build info: version: &apos;4.4.0&apos;, revision: &apos;e5c75ed026a&apos;
System info: host: &apos;RS&apos;, ip: &apos;192.168.0.175&apos;, os.name: &apos;Windows 10&apos;, os.arch: &apos;amd64&apos;, os.version: &apos;10.0&apos;, java.version: &apos;1.8.0_202&apos;
Driver info: org.openqa.selenium.chrome.ChromeDriver
Command: [a788c11d8dc9dbadde4cad3edff24911, close {}]
Capabilities {acceptInsecureCerts: false, browserName: chrome, browserVersion: 108.0.5359.125, chrome: {chromedriverVersion: 107.0.5304.62 (1eec40d3a576..., userDataDir: C:\Users\RS\AppData\Local\T...}, goog:chromeOptions: {debuggerAddress: localhost:55713}, networkConnectionEnabled: false, pageLoadStrategy: normal, platformName: WINDOWS, proxy: Proxy(), se:cdp: ws://localhost:55713/devtoo..., se:cdpVersion: 108.0.5359.125, setWindowRect: true, strictFileInteractability: false, timeouts: {implicit: 0, pageLoad: 300000, script: 30000}, unhandledPromptBehavior: dismiss and notify, webauthn:extension:credBlob: true, webauthn:extension:largeBlob: true, webauthn:virtualAuthenticators: true}
Session ID: a788c11d8dc9dbadde4cad3edff24911
	at org.openqa.selenium.remote.codec.w3c.W3CHttpResponseCodec.createException(W3CHttpResponseCodec.java:200)
	at org.openqa.selenium.remote.codec.w3c.W3CHttpResponseCodec.decode(W3CHttpResponseCodec.java:133)
	at org.openqa.selenium.remote.codec.w3c.W3CHttpResponseCodec.decode(W3CHttpResponseCodec.java:53)
	at org.openqa.selenium.remote.HttpCommandExecutor.execute(HttpCommandExecutor.java:184)
	at org.openqa.selenium.remote.service.DriverCommandExecutor.invokeExecute(DriverCommandExecutor.java:167)
	at org.openqa.selenium.remote.service.DriverCommandExecutor.execute(DriverCommandExecutor.java:142)
	at org.openqa.selenium.remote.RemoteWebDriver.execute(RemoteWebDriver.java:547)
	at org.openqa.selenium.remote.RemoteWebDriver.execute(RemoteWebDriver.java:602)
	at org.openqa.selenium.remote.RemoteWebDriver.execute(RemoteWebDriver.java:606)
	at org.openqa.selenium.remote.RemoteWebDriver.close(RemoteWebDriver.java:432)
	at utilities.BrowserLaunch.closeBrowser(BrowserLaunch.java:38)
	at TestcaseScripts.LoginTest.afterTest(LoginTest.java:100)
... Removed 28 stack frames</pre></div><a href='#' onClick='toggleBox("stack-trace949637154", this, "Click to show all stack frames", "Click to hide stack frames")'>Click to show all stack frames</a>
<div class='stack-trace' id='stack-trace949637154'><pre>org.openqa.selenium.NoSuchSessionException: invalid session id
Build info: version: &apos;4.4.0&apos;, revision: &apos;e5c75ed026a&apos;
System info: host: &apos;RS&apos;, ip: &apos;192.168.0.175&apos;, os.name: &apos;Windows 10&apos;, os.arch: &apos;amd64&apos;, os.version: &apos;10.0&apos;, java.version: &apos;1.8.0_202&apos;
Driver info: org.openqa.selenium.chrome.ChromeDriver
Command: [a788c11d8dc9dbadde4cad3edff24911, close {}]
Capabilities {acceptInsecureCerts: false, browserName: chrome, browserVersion: 108.0.5359.125, chrome: {chromedriverVersion: 107.0.5304.62 (1eec40d3a576..., userDataDir: C:\Users\RS\AppData\Local\T...}, goog:chromeOptions: {debuggerAddress: localhost:55713}, networkConnectionEnabled: false, pageLoadStrategy: normal, platformName: WINDOWS, proxy: Proxy(), se:cdp: ws://localhost:55713/devtoo..., se:cdpVersion: 108.0.5359.125, setWindowRect: true, strictFileInteractability: false, timeouts: {implicit: 0, pageLoad: 300000, script: 30000}, unhandledPromptBehavior: dismiss and notify, webauthn:extension:credBlob: true, webauthn:extension:largeBlob: true, webauthn:virtualAuthenticators: true}
Session ID: a788c11d8dc9dbadde4cad3edff24911
	at sun.reflect.NativeConstructorAccessorImpl.newInstance0(Native Method)
	at sun.reflect.NativeConstructorAccessorImpl.newInstance(NativeConstructorAccessorImpl.java:62)
	at sun.reflect.DelegatingConstructorAccessorImpl.newInstance(DelegatingConstructorAccessorImpl.java:45)
	at java.lang.reflect.Constructor.newInstance(Constructor.java:423)
	at org.openqa.selenium.remote.codec.w3c.W3CHttpResponseCodec.createException(W3CHttpResponseCodec.java:200)
	at org.openqa.selenium.remote.codec.w3c.W3CHttpResponseCodec.decode(W3CHttpResponseCodec.java:133)
	at org.openqa.selenium.remote.codec.w3c.W3CHttpResponseCodec.decode(W3CHttpResponseCodec.java:53)
	at org.openqa.selenium.remote.HttpCommandExecutor.execute(HttpCommandExecutor.java:184)
	at org.openqa.selenium.remote.service.DriverCommandExecutor.invokeExecute(DriverCommandExecutor.java:167)
	at org.openqa.selenium.remote.service.DriverCommandExecutor.execute(DriverCommandExecutor.java:142)
	at org.openqa.selenium.remote.RemoteWebDriver.execute(RemoteWebDriver.java:547)
	at org.openqa.selenium.remote.RemoteWebDriver.execute(RemoteWebDriver.java:602)
	at org.openqa.selenium.remote.RemoteWebDriver.execute(RemoteWebDriver.java:606)
	at org.openqa.selenium.remote.RemoteWebDriver.close(RemoteWebDriver.java:432)
	at utilities.BrowserLaunch.closeBrowser(BrowserLaunch.java:38)
	at TestcaseScripts.LoginTest.afterTest(LoginTest.java:100)
	at sun.reflect.NativeMethodAccessorImpl.invoke0(Native Method)
	at sun.reflect.NativeMethodAccessorImpl.invoke(NativeMethodAccessorImpl.java:62)
	at sun.reflect.DelegatingMethodAccessorImpl.invoke(DelegatingMethodAccessorImpl.java:43)
	at java.lang.reflect.Method.invoke(Method.java:498)
	at org.testng.internal.MethodInvocationHelper.invokeMethod(MethodInvocationHelper.java:133)
	at org.testng.internal.MethodInvocationHelper.invokeMethodConsideringTimeout(MethodInvocationHelper.java:62)
	at org.testng.internal.ConfigInvoker.invokeConfigurationMethod(ConfigInvoker.java:385)
	at org.testng.internal.ConfigInvoker.invokeConfigurations(ConfigInvoker.java:321)
	at org.testng.TestRunner.invokeTestConfigurations(TestRunner.java:637)
	at org.testng.TestRunner.afterRun(TestRunner.java:877)
	at org.testng.TestRunner.run(TestRunner.java:599)
	at org.testng.SuiteRunner.runTest(SuiteRunner.java:377)
	at org.testng.SuiteRunner.runSequentially(SuiteRunner.java:371)
	at org.testng.SuiteRunner.privateRun(SuiteRunner.java:332)
	at org.testng.SuiteRunner.run(SuiteRunner.java:276)
	at org.testng.SuiteRunnerWorker.runSuite(SuiteRunnerWorker.java:53)
	at org.testng.SuiteRunnerWorker.run(SuiteRunnerWorker.java:96)
	at org.testng.TestNG.runSuitesSequentially(TestNG.java:1212)
	at org.testng.TestNG.runSuitesLocally(TestNG.java:1134)
	at org.testng.TestNG.runSuites(TestNG.java:1063)
	at org.testng.TestNG.run(TestNG.java:1031)
	at org.testng.remote.AbstractRemoteTestNG.run(AbstractRemoteTestNG.java:115)
	at org.testng.remote.RemoteTestNG.initAndRun(RemoteTestNG.java:251)
	at org.testng.remote.RemoteTestNG.main(RemoteTestNG.java:77)
</pre></div></td>
<td>0</td>
<td>TestcaseScripts.LoginTest@1dde4cb2</td></tr>
</table><p>
<table width='100%' border='1' class='invocation-passed'>
<tr><td colspan='4' align='center'><b>PASSED TESTS</b></td></tr>
<tr><td><b>Test method</b></td>
<td width="30%"><b>Exception</b></td>
<td width="10%"><b>Time (seconds)</b></td>
<td><b>Instance</b></td>
</tr>
<tr>
<td title='TestcaseScripts.AddPurchaseTest.attachDocInAddPurchase()'><b>attachDocInAddPurchase</b><br>Test class: TestcaseScripts.AddPurchaseTest<br>Test method: Validate the File Uploading in Add Purchase.</td>
<td></td>
<td>16</td>
<td>TestcaseScripts.AddPurchaseTest@72057ecf</td></tr>
<tr>
<td title='TestcaseScripts.AddPurchaseTest.addSupplierDetails()'><b>addSupplierDetails</b><br>Test class: TestcaseScripts.AddPurchaseTest<br>Test method: Adding new Supplier details in Add Purchase.</td>
<td></td>
<td>15</td>
<td>TestcaseScripts.AddPurchaseTest@72057ecf</td></tr>
<tr>
<td title='TestcaseScripts.AddPurchaseTest.addPurchaseWithoutProduct()'><b>addPurchaseWithoutProduct</b><br>Test class: TestcaseScripts.AddPurchaseTest<br>Test method: Adding Purchase without Produts.</td>
<td></td>
<td>26</td>
<td>TestcaseScripts.AddPurchaseTest@72057ecf</td></tr>
<tr>
<td title='TestcaseScripts.AddPurchaseTest.RemoveDocInAddPurchase()'><b>RemoveDocInAddPurchase</b><br>Test class: TestcaseScripts.AddPurchaseTest<br>Test method: Validate the Removal of Uploaded File in Add Purchase.</td>
<td></td>
<td>16</td>
<td>TestcaseScripts.AddPurchaseTest@72057ecf</td></tr>
<tr>
<td title='TestcaseScripts.ProductsTest.addNewUnitToList()'><b>addNewUnitToList</b><br>Test class: TestcaseScripts.ProductsTest<br>Test method: Adding new Unit to the UnitList</td>
<td></td>
<td>12</td>
<td>TestcaseScripts.ProductsTest@192d43ce</td></tr>
<tr>
<td title='TestcaseScripts.AddPurchaseTest.addPurchaseWithoutSupplier()'><b>addPurchaseWithoutSupplier</b><br>Test class: TestcaseScripts.AddPurchaseTest<br>Test method: Adding Purchase without Supplier field</td>
<td></td>
<td>31</td>
<td>TestcaseScripts.AddPurchaseTest@72057ecf</td></tr>
<tr>
<td title='TestcaseScripts.ProductsTest.checkWithProductName()'><b>checkWithProductName</b><br>Test class: TestcaseScripts.ProductsTest<br>Test method: Checking the Product Name added correctly.</td>
<td></td>
<td>14</td>
<td>TestcaseScripts.ProductsTest@192d43ce</td></tr>
<tr>
<td title='TestcaseScripts.ProductsTest.checkWithBrand()'><b>checkWithBrand</b><br>Test class: TestcaseScripts.ProductsTest<br>Test method: Checking the Brand added correctly.</td>
<td></td>
<td>14</td>
<td>TestcaseScripts.ProductsTest@192d43ce</td></tr>
<tr>
<td title='TestcaseScripts.ProductsTest.checkWithCategory()'><b>checkWithCategory</b><br>Test class: TestcaseScripts.ProductsTest<br>Test method: Checking the Category added correctly.</td>
<td></td>
<td>16</td>
<td>TestcaseScripts.ProductsTest@192d43ce</td></tr>
<tr>
<td title='TestcaseScripts.AddPurchaseTest.addPurchaseWithoutLocation()'><b>addPurchaseWithoutLocation</b><br>Test class: TestcaseScripts.AddPurchaseTest<br>Test method: Adding Purchase without Business Location</td>
<td></td>
<td>37</td>
<td>TestcaseScripts.AddPurchaseTest@72057ecf</td></tr>
<tr>
<td title='TestcaseScripts.ProductsTest.addProductWithoutTax()'><b>addProductWithoutTax</b><br>Test class: TestcaseScripts.ProductsTest<br>Test method: Adding Products without Exc.Tax</td>
<td></td>
<td>12</td>
<td>TestcaseScripts.ProductsTest@192d43ce</td></tr>
<tr>
<td title='TestcaseScripts.ProductsTest.addProducts()'><b>addProducts</b><br>Test class: TestcaseScripts.ProductsTest<br>Test method: Adding new Product successfully</td>
<td></td>
<td>24</td>
<td>TestcaseScripts.ProductsTest@192d43ce</td></tr>
<tr>
<td title='TestcaseScripts.ProductsTest.addProductWithoutUnit()'><b>addProductWithoutUnit</b><br>Test class: TestcaseScripts.ProductsTest<br>Test method: Adding Products without Unit</td>
<td></td>
<td>12</td>
<td>TestcaseScripts.ProductsTest@192d43ce</td></tr>
<tr>
<td title='TestcaseScripts.AddPurchaseTest.checkWithPurchaseStatusAdded()'><b>checkWithPurchaseStatusAdded</b><br>Test class: TestcaseScripts.AddPurchaseTest<br>Test method: Checking the Purchase Status field added correctly.</td>
<td></td>
<td>14</td>
<td>TestcaseScripts.AddPurchaseTest@72057ecf</td></tr>
<tr>
<td title='TestcaseScripts.ProductsTest.DisableManageStock()'><b>DisableManageStock</b><br>Test class: TestcaseScripts.ProductsTest<br>Test method: Checking for the Manage Stock field can be disabled</td>
<td></td>
<td>13</td>
<td>TestcaseScripts.ProductsTest@192d43ce</td></tr>
<tr>
<td title='TestcaseScripts.ProductsTest.attachDocInAddPurchase()'><b>attachDocInAddPurchase</b><br>Test class: TestcaseScripts.ProductsTest<br>Test method: Validate the Image Uploading in Add Products.</td>
<td></td>
<td>16</td>
<td>TestcaseScripts.ProductsTest@192d43ce</td></tr>
<tr>
<td title='TestcaseScripts.AddPurchaseTest.addNewPurchase()'><b>addNewPurchase</b><br>Test class: TestcaseScripts.AddPurchaseTest<br>Test method: Adding new Purchase details.</td>
<td></td>
<td>42</td>
<td>TestcaseScripts.AddPurchaseTest@72057ecf</td></tr>
<tr>
<td title='TestcaseScripts.ProductsTest.RemoveDocInAddPurchase()'><b>RemoveDocInAddPurchase</b><br>Test class: TestcaseScripts.ProductsTest<br>Test method: Validate the Removal of Uploaded Image in Add Products.</td>
<td></td>
<td>16</td>
<td>TestcaseScripts.ProductsTest@192d43ce</td></tr>
<tr>
<td title='TestcaseScripts.AddPurchaseTest.checkWithSupplierAdded()'><b>checkWithSupplierAdded</b><br>Test class: TestcaseScripts.AddPurchaseTest<br>Test method: Checking the Supplier field added correctly.</td>
<td></td>
<td>14</td>
<td>TestcaseScripts.AddPurchaseTest@72057ecf</td></tr>
<tr>
<td title='TestcaseScripts.LoginTest.verifyLogin1()'><b>verifyLogin1</b><br>Test class: TestcaseScripts.LoginTest<br>Test method: Login scenario with Valid credentials.<br>Parameters: admin, 123456</td>
<td></td>
<td>8</td>
<td>TestcaseScripts.LoginTest@1dde4cb2</td></tr>
<tr>
<td title='TestcaseScripts.AddPurchaseTest.checkWithLocationAdded()'><b>checkWithLocationAdded</b><br>Test class: TestcaseScripts.AddPurchaseTest<br>Test method: Checking the Location field added correctly.</td>
<td></td>
<td>14</td>
<td>TestcaseScripts.AddPurchaseTest@72057ecf</td></tr>
<tr>
<td title='TestcaseScripts.AddPurchaseTest.checkWithGrandTotalAdded()'><b>checkWithGrandTotalAdded</b><br>Test class: TestcaseScripts.AddPurchaseTest<br>Test method: Checking the Grand Total field added correctly.</td>
<td></td>
<td>14</td>
<td>TestcaseScripts.AddPurchaseTest@72057ecf</td></tr>
<tr>
<td title='TestcaseScripts.ProductsTest.addProductWithoutProductName()'><b>addProductWithoutProductName</b><br>Test class: TestcaseScripts.ProductsTest<br>Test method: Adding Products without Product Name</td>
<td></td>
<td>12</td>
<td>TestcaseScripts.ProductsTest@192d43ce</td></tr>
<tr>
<td title='TestcaseScripts.AddPurchaseTest.addPurchaseWithoutStatus()'><b>addPurchaseWithoutStatus</b><br>Test class: TestcaseScripts.AddPurchaseTest<br>Test method: Adding Purchase without Purchase Status</td>
<td></td>
<td>34</td>
<td>TestcaseScripts.AddPurchaseTest@72057ecf</td></tr>
<tr>
<td title='TestcaseScripts.ProductsTest.addProductWithoutAlertQty()'><b>addProductWithoutAlertQty</b><br>Test class: TestcaseScripts.ProductsTest<br>Test method: Adding Products without Alert Quantity</td>
<td></td>
<td>12</td>
<td>TestcaseScripts.ProductsTest@192d43ce</td></tr>
<tr>
<td title='TestcaseScripts.ProductsTest.EnableManageStock()'><b>EnableManageStock</b><br>Test class: TestcaseScripts.ProductsTest<br>Test method: Checking for the Manage Stock field enable property</td>
<td></td>
<td>15</td>
<td>TestcaseScripts.ProductsTest@192d43ce</td></tr>
<tr>
<td title='TestcaseScripts.ProductsTest.CurrentDateDisplay()'><b>CurrentDateDisplay</b><br>Test class: TestcaseScripts.ProductsTest<br>Test method: Checking for the Display of Current Date in menubar</td>
<td></td>
<td>0</td>
<td>TestcaseScripts.ProductsTest@192d43ce</td></tr>
<tr>
<td title='TestcaseScripts.LoginTest.verifyInvalidLoginfromExcel()'><b>verifyInvalidLoginfromExcel</b><br>Test class: TestcaseScripts.LoginTest<br>Test method: Invalid Login scenario with wrong Username </td>
<td></td>
<td>5</td>
<td>TestcaseScripts.LoginTest@1dde4cb2</td></tr>
<tr>
<td title='TestcaseScripts.ProductsTest.addNewBrandToList()'><b>addNewBrandToList</b><br>Test class: TestcaseScripts.ProductsTest<br>Test method: Adding new Brand to the BrandList</td>
<td></td>
<td>24</td>
<td>TestcaseScripts.ProductsTest@192d43ce</td></tr>
<tr>
<td title='TestcaseScripts.ProductsTest.checkWithProductType()'><b>checkWithProductType</b><br>Test class: TestcaseScripts.ProductsTest<br>Test method: Checking the Product Type added correctly.</td>
<td></td>
<td>14</td>
<td>TestcaseScripts.ProductsTest@192d43ce</td></tr>
</table><p>
</body>
</html>