<?xml version="1.0" encoding="UTF-8"?>
<!-- Generated by org.testng.reporters.JUnitXMLReporter -->
<testsuite hostname="RS" ignored="0" name="Test" tests="30" failures="0" timestamp="2023-01-05T13:21:28 GST" time="621.342" errors="0">
  <testcase name="@AfterTest afterTest" time="0.267" classname="TestcaseScripts.LoginTest">
    <failure type="org.openqa.selenium.NoSuchSessionException" message="invalid session id
Build info: version: &amp;apos;4.4.0&amp;apos;, revision: &amp;apos;e5c75ed026a&amp;apos;
System info: host: &amp;apos;RS&amp;apos;, ip: &amp;apos;192.168.0.175&amp;apos;, os.name: &amp;apos;Windows 10&amp;apos;, os.arch: &amp;apos;amd64&amp;apos;, os.version: &amp;apos;10.0&amp;apos;, java.version: &amp;apos;1.8.0_202&amp;apos;
Driver info: org.openqa.selenium.chrome.ChromeDriver
Command: [a788c11d8dc9dbadde4cad3edff24911, close {}]
Capabilities {acceptInsecureCerts: false, browserName: chrome, browserVersion: 108.0.5359.125, chrome: {chromedriverVersion: 107.0.5304.62 (1eec40d3a576..., userDataDir: C:\Users\RS\AppData\Local\T...}, goog:chromeOptions: {debuggerAddress: localhost:55713}, networkConnectionEnabled: false, pageLoadStrategy: normal, platformName: WINDOWS, proxy: Proxy(), se:cdp: ws://localhost:55713/devtoo..., se:cdpVersion: 108.0.5359.125, setWindowRect: true, strictFileInteractability: false, timeouts: {implicit: 0, pageLoad: 300000, script: 30000}, unhandledPromptBehavior: dismiss and notify, webauthn:extension:credBlob: true, webauthn:extension:largeBlob: true, webauthn:virtualAuthenticators: true}
Session ID: a788c11d8dc9dbadde4cad3edff24911">
      <![CDATA[org.openqa.selenium.NoSuchSessionException: invalid session id
Build info: version: '4.4.0', revision: 'e5c75ed026a'
System info: host: 'RS', ip: '192.168.0.175', os.name: 'Windows 10', os.arch: 'amd64', os.version: '10.0', java.version: '1.8.0_202'
Driver info: org.openqa.selenium.chrome.ChromeDriver
Command: [a788c11d8dc9dbadde4cad3edff24911, close {}]
Capabilities {acceptInsecureCerts: false, browserName: chrome, browserVersion: 108.0.5359.125, chrome: {chromedriverVersion: 107.0.5304.62 (1eec40d3a576..., userDataDir: C:\Users\RS\AppData\Local\T...}, goog:chromeOptions: {debuggerAddress: localhost:55713}, networkConnectionEnabled: false, pageLoadStrategy: normal, platformName: WINDOWS, proxy: Proxy(), se:cdp: ws://localhost:55713/devtoo..., se:cdpVersion: 108.0.5359.125, setWindowRect: true, strictFileInteractability: false, timeouts: {implicit: 0, pageLoad: 300000, script: 30000}, unhandledPromptBehavior: dismiss and notify, webauthn:extension:credBlob: true, webauthn:extension:largeBlob: true, webauthn:virtualAuthenticators: true}
Session ID: a788c11d8dc9dbadde4cad3edff24911
at org.openqa.selenium.remote.codec.w3c.W3CHttpResponseCodec.createException(W3CHttpResponseCodec.java:200)
at org.openqa.selenium.remote.codec.w3c.W3CHttpResponseCodec.decode(W3CHttpResponseCodec.java:133)
at org.openqa.selenium.remote.codec.w3c.W3CHttpResponseCodec.decode(W3CHttpResponseCodec.java:53)
at org.openqa.selenium.remote.HttpCommandExecutor.execute(HttpCommandExecutor.java:184)
at org.openqa.selenium.remote.service.DriverCommandExecutor.invokeExecute(DriverCommandExecutor.java:167)
at org.openqa.selenium.remote.service.DriverCommandExecutor.execute(DriverCommandExecutor.java:142)
at org.openqa.selenium.remote.RemoteWebDriver.execute(RemoteWebDriver.java:547)
at org.openqa.selenium.remote.RemoteWebDriver.execute(RemoteWebDriver.java:602)
at org.openqa.selenium.remote.RemoteWebDriver.execute(RemoteWebDriver.java:606)
at org.openqa.selenium.remote.RemoteWebDriver.close(RemoteWebDriver.java:432)
at utilities.BrowserLaunch.closeBrowser(BrowserLaunch.java:38)
at TestcaseScripts.LoginTest.afterTest(LoginTest.java:100)
... Removed 28 stack frames]]>
    </failure>
  </testcase> <!-- @AfterTest afterTest -->
  <testcase name="@AfterTest afterTest" time="0.003" classname="TestcaseScripts.ProductsTest">
    <failure type="org.openqa.selenium.NoSuchSessionException" message="invalid session id
Build info: version: &amp;apos;4.4.0&amp;apos;, revision: &amp;apos;e5c75ed026a&amp;apos;
System info: host: &amp;apos;RS&amp;apos;, ip: &amp;apos;192.168.0.175&amp;apos;, os.name: &amp;apos;Windows 10&amp;apos;, os.arch: &amp;apos;amd64&amp;apos;, os.version: &amp;apos;10.0&amp;apos;, java.version: &amp;apos;1.8.0_202&amp;apos;
Driver info: org.openqa.selenium.chrome.ChromeDriver
Command: [a788c11d8dc9dbadde4cad3edff24911, close {}]
Capabilities {acceptInsecureCerts: false, browserName: chrome, browserVersion: 108.0.5359.125, chrome: {chromedriverVersion: 107.0.5304.62 (1eec40d3a576..., userDataDir: C:\Users\RS\AppData\Local\T...}, goog:chromeOptions: {debuggerAddress: localhost:55713}, networkConnectionEnabled: false, pageLoadStrategy: normal, platformName: WINDOWS, proxy: Proxy(), se:cdp: ws://localhost:55713/devtoo..., se:cdpVersion: 108.0.5359.125, setWindowRect: true, strictFileInteractability: false, timeouts: {implicit: 0, pageLoad: 300000, script: 30000}, unhandledPromptBehavior: dismiss and notify, webauthn:extension:credBlob: true, webauthn:extension:largeBlob: true, webauthn:virtualAuthenticators: true}
Session ID: a788c11d8dc9dbadde4cad3edff24911">
      <![CDATA[org.openqa.selenium.NoSuchSessionException: invalid session id
Build info: version: '4.4.0', revision: 'e5c75ed026a'
System info: host: 'RS', ip: '192.168.0.175', os.name: 'Windows 10', os.arch: 'amd64', os.version: '10.0', java.version: '1.8.0_202'
Driver info: org.openqa.selenium.chrome.ChromeDriver
Command: [a788c11d8dc9dbadde4cad3edff24911, close {}]
Capabilities {acceptInsecureCerts: false, browserName: chrome, browserVersion: 108.0.5359.125, chrome: {chromedriverVersion: 107.0.5304.62 (1eec40d3a576..., userDataDir: C:\Users\RS\AppData\Local\T...}, goog:chromeOptions: {debuggerAddress: localhost:55713}, networkConnectionEnabled: false, pageLoadStrategy: normal, platformName: WINDOWS, proxy: Proxy(), se:cdp: ws://localhost:55713/devtoo..., se:cdpVersion: 108.0.5359.125, setWindowRect: true, strictFileInteractability: false, timeouts: {implicit: 0, pageLoad: 300000, script: 30000}, unhandledPromptBehavior: dismiss and notify, webauthn:extension:credBlob: true, webauthn:extension:largeBlob: true, webauthn:virtualAuthenticators: true}
Session ID: a788c11d8dc9dbadde4cad3edff24911
at org.openqa.selenium.remote.codec.w3c.W3CHttpResponseCodec.createException(W3CHttpResponseCodec.java:200)
at org.openqa.selenium.remote.codec.w3c.W3CHttpResponseCodec.decode(W3CHttpResponseCodec.java:133)
at org.openqa.selenium.remote.codec.w3c.W3CHttpResponseCodec.decode(W3CHttpResponseCodec.java:53)
at org.openqa.selenium.remote.HttpCommandExecutor.execute(HttpCommandExecutor.java:184)
at org.openqa.selenium.remote.service.DriverCommandExecutor.invokeExecute(DriverCommandExecutor.java:167)
at org.openqa.selenium.remote.service.DriverCommandExecutor.execute(DriverCommandExecutor.java:142)
at org.openqa.selenium.remote.RemoteWebDriver.execute(RemoteWebDriver.java:547)
at org.openqa.selenium.remote.RemoteWebDriver.execute(RemoteWebDriver.java:602)
at org.openqa.selenium.remote.RemoteWebDriver.execute(RemoteWebDriver.java:606)
at org.openqa.selenium.remote.RemoteWebDriver.close(RemoteWebDriver.java:432)
at utilities.BrowserLaunch.closeBrowser(BrowserLaunch.java:38)
at TestcaseScripts.ProductsTest.afterTest(ProductsTest.java:189)
... Removed 28 stack frames]]>
    </failure>
  </testcase> <!-- @AfterTest afterTest -->
  <testcase name="verifyInvalidLoginfromExcel" time="5.767" classname="TestcaseScripts.LoginTest"/>
  <testcase name="verifyLogin1" time="8.813" classname="TestcaseScripts.LoginTest"/>
  <testcase name="CurrentDateDisplay" time="0.076" classname="TestcaseScripts.ProductsTest"/>
  <testcase name="addNewBrandToList" time="24.761" classname="TestcaseScripts.ProductsTest"/>
  <testcase name="addProductWithoutUnit" time="12.118" classname="TestcaseScripts.ProductsTest"/>
  <testcase name="DisableManageStock" time="13.817" classname="TestcaseScripts.ProductsTest"/>
  <testcase name="EnableManageStock" time="15.114" classname="TestcaseScripts.ProductsTest"/>
  <testcase name="addNewUnitToList" time="12.537" classname="TestcaseScripts.ProductsTest"/>
  <testcase name="addProductWithoutProductName" time="12.234" classname="TestcaseScripts.ProductsTest"/>
  <testcase name="addProductWithoutAlertQty" time="12.491" classname="TestcaseScripts.ProductsTest"/>
  <testcase name="addProductWithoutTax" time="12.295" classname="TestcaseScripts.ProductsTest"/>
  <testcase name="attachDocInAddPurchase" time="16.147" classname="TestcaseScripts.ProductsTest"/>
  <testcase name="RemoveDocInAddPurchase" time="16.188" classname="TestcaseScripts.ProductsTest"/>
  <testcase name="addProducts" time="24.53" classname="TestcaseScripts.ProductsTest"/>
  <testcase name="checkWithProductName" time="14.331" classname="TestcaseScripts.ProductsTest"/>
  <testcase name="checkWithBrand" time="14.259" classname="TestcaseScripts.ProductsTest"/>
  <testcase name="checkWithCategory" time="16.252" classname="TestcaseScripts.ProductsTest"/>
  <testcase name="checkWithProductType" time="14.266" classname="TestcaseScripts.ProductsTest"/>
  <testcase name="addSupplierDetails" time="15.212" classname="TestcaseScripts.AddPurchaseTest"/>
  <testcase name="attachDocInAddPurchase" time="16.143" classname="TestcaseScripts.AddPurchaseTest"/>
  <testcase name="RemoveDocInAddPurchase" time="16.146" classname="TestcaseScripts.AddPurchaseTest"/>
  <testcase name="addPurchaseWithoutSupplier" time="31.108" classname="TestcaseScripts.AddPurchaseTest"/>
  <testcase name="addPurchaseWithoutStatus" time="34.844" classname="TestcaseScripts.AddPurchaseTest"/>
  <testcase name="addPurchaseWithoutLocation" time="37.771" classname="TestcaseScripts.AddPurchaseTest"/>
  <testcase name="addPurchaseWithoutProduct" time="26.296" classname="TestcaseScripts.AddPurchaseTest"/>
  <testcase name="addNewPurchase" time="42.335" classname="TestcaseScripts.AddPurchaseTest"/>
  <testcase name="checkWithSupplierAdded" time="14.079" classname="TestcaseScripts.AddPurchaseTest"/>
  <testcase name="checkWithLocationAdded" time="14.069" classname="TestcaseScripts.AddPurchaseTest"/>
  <testcase name="checkWithPurchaseStatusAdded" time="14.085" classname="TestcaseScripts.AddPurchaseTest"/>
  <testcase name="checkWithGrandTotalAdded" time="14.074" classname="TestcaseScripts.AddPurchaseTest"/>
</testsuite> <!-- Test -->
